2025-03-10 07:31:43,432 - ERROR - Invalid components provided: Duplicate components are not allowed
2025-03-10 07:31:43,433 - ERROR - Invalid components provided: Duplicate components are not allowed
2025-03-10 07:40:00,247 - ERROR - Invalid components provided: Duplicate components are not allowed
2025-03-10 07:40:00,247 - ERROR - Invalid components provided: Duplicate components are not allowed
2025-03-10 07:40:18,773 - ERROR - Invalid components provided: Duplicate components are not allowed
2025-03-10 07:40:18,774 - ERROR - Invalid components provided: Duplicate components are not allowed
2025-03-10 07:42:40,333 - ERROR - Invalid components provided: Duplicate components are not allowed
2025-03-10 07:42:40,333 - ERROR - Invalid components provided: Duplicate components are not allowed
2025-03-10 07:42:40,334 - ERROR - Invalid components provided: Invalid component codes: X
2025-03-10 07:42:40,334 - ERROR - Invalid components provided: Invalid component codes: X
2025-03-10 07:42:40,334 - ERROR - Invalid components provided: Duplicate category: Screen
2025-03-10 07:42:40,334 - ERROR - Invalid components provided: Duplicate category: Screen
2025-03-10 07:42:40,335 - ERROR - Invalid components provided: Missing categories: Body
2025-03-10 07:42:40,335 - ERROR - Invalid components provided: Missing categories: Body
2025-03-10 07:43:05,702 - ERROR - Invalid components provided: Duplicate components are not allowed
2025-03-10 07:43:05,702 - ERROR - Invalid components provided: Duplicate components are not allowed
2025-03-10 07:43:05,703 - ERROR - Invalid components provided: Invalid component codes: X
2025-03-10 07:43:05,703 - ERROR - Invalid components provided: Invalid component codes: X
2025-03-10 07:43:05,704 - ERROR - Invalid components provided: Duplicate category: Screen
2025-03-10 07:43:05,704 - ERROR - Invalid components provided: Duplicate category: Screen
2025-03-10 07:43:05,705 - ERROR - Invalid components provided: Missing categories: Body
2025-03-10 07:43:05,705 - ERROR - Invalid components provided: Missing categories: Body
2025-03-10 07:53:19,775 - ERROR - Invalid components provided: Duplicate components are not allowed
2025-03-10 07:53:19,775 - ERROR - Invalid components provided: Duplicate components are not allowed
2025-03-10 07:53:19,776 - ERROR - Invalid components provided: Invalid component codes: X
2025-03-10 07:53:19,776 - ERROR - Invalid components provided: Invalid component codes: X
2025-03-10 07:53:19,777 - ERROR - Invalid components provided: Duplicate category: Screen
2025-03-10 07:53:19,777 - ERROR - Invalid components provided: Duplicate category: Screen
2025-03-10 07:53:19,778 - ERROR - Invalid components provided: Missing categories: Body
2025-03-10 07:53:19,778 - ERROR - Invalid components provided: Missing categories: Body
2025-03-10 08:05:18,485 - ERROR - Invalid components provided: Invalid component codes: S
2025-03-10 08:05:18,486 - ERROR - Invalid components provided: Invalid component codes: S
2025-03-10 08:10:42,871 - ERROR - Invalid components provided: Invalid component codes: S
2025-03-10 08:10:42,871 - ERROR - Invalid components provided: Invalid component codes: S
2025-03-10 08:10:55,481 - ERROR - Invalid components provided: Invalid component codes: S
2025-03-10 08:10:55,481 - ERROR - Invalid components provided: Invalid component codes: S
2025-03-10 08:10:59,227 - ERROR - Invalid components provided: Invalid component codes: S
2025-03-10 08:10:59,228 - ERROR - Invalid components provided: Invalid component codes: S
2025-03-10 09:59:35,769 - ERROR - Invalid components provided: Invalid component codes: O
2025-03-10 09:59:35,770 - ERROR - Invalid components provided: Invalid component codes: O
2025-03-10 09:59:41,033 - ERROR - Invalid components provided: Duplicate components are not allowed
2025-03-10 09:59:41,033 - ERROR - Invalid components provided: Duplicate components are not allowed
2025-03-10 09:59:49,711 - ERROR - Invalid components provided: Duplicate category: Screen
2025-03-10 09:59:49,711 - ERROR - Invalid components provided: Duplicate category: Screen
