2025-03-10 07:40:36,280 - INFO - Creating new order with components: ['A', 'D', 'F', 'I', 'K']
2025-03-10 07:40:36,281 - INFO - Order created successfully: MFC-7ed35dd9-SSVY1O
2025-03-10 07:40:36,281 - INFO - Order details: total=142.3, parts=['LED Screen', 'Wide-Angle Camera', 'USB-C Port', 'Android OS', 'Metallic Body']
2025-03-10 07:42:40,331 - INFO - Creating new order with components: ['A', 'D', 'F', 'I', 'K']
2025-03-10 07:42:40,331 - INFO - Order created successfully: MFC-b8ebf2ef-SSVY54
2025-03-10 07:42:40,331 - INFO - Order details: total=142.3, parts=['LED Screen', 'Wide-Angle Camera', 'USB-C Port', 'Android OS', 'Metallic Body']
2025-03-10 07:42:40,332 - INFO - Creating new order with components: ['A', 'D', 'F', 'I', 'K']
2025-03-10 07:42:40,332 - INFO - Order created successfully: MFC-df3c70e8-SSVY54
2025-03-10 07:42:40,332 - INFO - Order details: total=142.3, parts=['LED Screen', 'Wide-Angle Camera', 'USB-C Port', 'Android OS', 'Metallic Body']
2025-03-10 07:42:40,333 - ERROR - Invalid components provided: Duplicate components are not allowed
2025-03-10 07:42:40,333 - ERROR - Invalid components provided: Duplicate components are not allowed
2025-03-10 07:42:40,334 - ERROR - Invalid components provided: Invalid component codes: X
2025-03-10 07:42:40,334 - ERROR - Invalid components provided: Invalid component codes: X
2025-03-10 07:42:40,334 - ERROR - Invalid components provided: Duplicate category: Screen
2025-03-10 07:42:40,334 - ERROR - Invalid components provided: Duplicate category: Screen
2025-03-10 07:42:40,335 - ERROR - Invalid components provided: Missing categories: Body
2025-03-10 07:42:40,335 - ERROR - Invalid components provided: Missing categories: Body
2025-03-10 07:43:05,700 - INFO - Creating new order with components: ['A', 'D', 'F', 'I', 'K']
2025-03-10 07:43:05,700 - INFO - Order created successfully: MFC-b1d2fc44-SSVY5T
2025-03-10 07:43:05,701 - INFO - Order details: total=142.3, parts=['LED Screen', 'Wide-Angle Camera', 'USB-C Port', 'Android OS', 'Metallic Body']
2025-03-10 07:43:05,701 - INFO - Creating new order with components: ['A', 'D', 'F', 'I', 'K']
2025-03-10 07:43:05,701 - INFO - Order created successfully: MFC-75ae51ae-SSVY5T
2025-03-10 07:43:05,701 - INFO - Order details: total=142.3, parts=['LED Screen', 'Wide-Angle Camera', 'USB-C Port', 'Android OS', 'Metallic Body']
2025-03-10 07:43:05,702 - ERROR - Invalid components provided: Duplicate components are not allowed
2025-03-10 07:43:05,702 - ERROR - Invalid components provided: Duplicate components are not allowed
2025-03-10 07:43:05,703 - ERROR - Invalid components provided: Invalid component codes: X
2025-03-10 07:43:05,703 - ERROR - Invalid components provided: Invalid component codes: X
2025-03-10 07:43:05,704 - ERROR - Invalid components provided: Duplicate category: Screen
2025-03-10 07:43:05,704 - ERROR - Invalid components provided: Duplicate category: Screen
2025-03-10 07:43:05,705 - ERROR - Invalid components provided: Missing categories: Body
2025-03-10 07:43:05,705 - ERROR - Invalid components provided: Missing categories: Body
2025-03-10 07:53:19,772 - INFO - Creating new order with components: ['A', 'D', 'F', 'I', 'K']
2025-03-10 07:53:19,772 - INFO - Order created successfully: MFC-833055ce-SSVYMV
2025-03-10 07:53:19,773 - INFO - Order details: total=142.3, parts=['LED Screen', 'Wide-Angle Camera', 'USB-C Port', 'Android OS', 'Metallic Body']
2025-03-10 07:53:19,774 - INFO - Creating new order with components: ['A', 'D', 'F', 'I', 'K']
2025-03-10 07:53:19,774 - INFO - Order created successfully: MFC-65699543-SSVYMV
2025-03-10 07:53:19,774 - INFO - Order details: total=142.3, parts=['LED Screen', 'Wide-Angle Camera', 'USB-C Port', 'Android OS', 'Metallic Body']
2025-03-10 07:53:19,775 - ERROR - Invalid components provided: Duplicate components are not allowed
2025-03-10 07:53:19,775 - ERROR - Invalid components provided: Duplicate components are not allowed
2025-03-10 07:53:19,776 - ERROR - Invalid components provided: Invalid component codes: X
2025-03-10 07:53:19,776 - ERROR - Invalid components provided: Invalid component codes: X
2025-03-10 07:53:19,777 - ERROR - Invalid components provided: Duplicate category: Screen
2025-03-10 07:53:19,777 - ERROR - Invalid components provided: Duplicate category: Screen
2025-03-10 07:53:19,778 - ERROR - Invalid components provided: Missing categories: Body
2025-03-10 07:53:19,778 - ERROR - Invalid components provided: Missing categories: Body
2025-03-10 08:05:18,485 - ERROR - Invalid components provided: Invalid component codes: S
2025-03-10 08:05:18,486 - ERROR - Invalid components provided: Invalid component codes: S
2025-03-10 08:10:42,871 - ERROR - Invalid components provided: Invalid component codes: S
2025-03-10 08:10:42,871 - ERROR - Invalid components provided: Invalid component codes: S
2025-03-10 08:10:50,927 - INFO - Creating new order with components: ['A', 'D', 'F', 'I', 'K']
2025-03-10 08:10:50,928 - INFO - Order created successfully: MFC-e7d135b8-SSVZG2
2025-03-10 08:10:50,928 - INFO - Order details: total=142.3, parts=['LED Screen', 'Wide-Angle Camera', 'USB-C Port', 'Android OS', 'Metallic Body']
2025-03-10 08:10:55,481 - ERROR - Invalid components provided: Invalid component codes: S
2025-03-10 08:10:55,481 - ERROR - Invalid components provided: Invalid component codes: S
2025-03-10 08:10:59,227 - ERROR - Invalid components provided: Invalid component codes: S
2025-03-10 08:10:59,228 - ERROR - Invalid components provided: Invalid component codes: S
2025-03-10 08:11:04,273 - INFO - Creating new order with components: ['A', 'D', 'F', 'I', 'K']
2025-03-10 08:11:04,274 - INFO - Order created successfully: MFC-f8ec18dd-SSVZGG
2025-03-10 08:11:04,274 - INFO - Order details: total=142.3, parts=['LED Screen', 'Wide-Angle Camera', 'USB-C Port', 'Android OS', 'Metallic Body']
2025-03-10 08:11:12,449 - INFO - Creating new order with components: ['A', 'D', 'F', 'I', 'K']
2025-03-10 08:11:12,450 - INFO - Order created successfully: MFC-c2e74146-SSVZGO
2025-03-10 08:11:12,450 - INFO - Order details: total=142.3, parts=['LED Screen', 'Wide-Angle Camera', 'USB-C Port', 'Android OS', 'Metallic Body']
2025-03-10 08:11:15,681 - INFO - Creating new order with components: ['A', 'D', 'F', 'I', 'K']
2025-03-10 08:11:15,682 - INFO - Order created successfully: MFC-f4b58b11-SSVZGR
2025-03-10 08:11:15,682 - INFO - Order details: total=142.3, parts=['LED Screen', 'Wide-Angle Camera', 'USB-C Port', 'Android OS', 'Metallic Body']
2025-03-10 08:12:34,381 - INFO - Creating new order with components: ['A', 'D', 'F', 'I', 'K']
2025-03-10 08:12:34,381 - INFO - Order created successfully: MFC-c56240aa-SSVZIY
2025-03-10 08:12:34,381 - INFO - Order details: total=142.3, parts=['LED Screen', 'Wide-Angle Camera', 'USB-C Port', 'Android OS', 'Metallic Body']
2025-03-10 08:12:50,302 - INFO - Creating new order with components: ['A', 'D', 'F', 'I', 'K']
2025-03-10 08:12:50,303 - INFO - Order created successfully: MFC-9d4dce9a-SSVZJE
2025-03-10 08:12:50,303 - INFO - Order details: total=142.3, parts=['LED Screen', 'Wide-Angle Camera', 'USB-C Port', 'Android OS', 'Metallic Body']
2025-03-10 08:12:51,982 - INFO - Creating new order with components: ['A', 'D', 'F', 'I', 'K']
2025-03-10 08:12:51,982 - INFO - Order created successfully: MFC-7c57ad59-SSVZJF
2025-03-10 08:12:51,982 - INFO - Order details: total=142.3, parts=['LED Screen', 'Wide-Angle Camera', 'USB-C Port', 'Android OS', 'Metallic Body']
2025-03-10 08:12:55,127 - INFO - Creating new order with components: ['A', 'D', 'F', 'I', 'K']
2025-03-10 08:12:55,128 - INFO - Order created successfully: MFC-9c8393f7-SSVZJJ
2025-03-10 08:12:55,128 - INFO - Order details: total=142.3, parts=['LED Screen', 'Wide-Angle Camera', 'USB-C Port', 'Android OS', 'Metallic Body']
2025-03-10 08:12:57,837 - INFO - Creating new order with components: ['A', 'D', 'F', 'I', 'K']
2025-03-10 08:12:57,837 - INFO - Order created successfully: MFC-7487dcdc-SSVZJL
2025-03-10 08:12:57,837 - INFO - Order details: total=142.3, parts=['LED Screen', 'Wide-Angle Camera', 'USB-C Port', 'Android OS', 'Metallic Body']
2025-03-10 08:18:10,602 - INFO - Creating new order with components: ['A', 'D', 'F', 'I', 'K']
2025-03-10 08:18:10,603 - INFO - Order created successfully: MFC-ded51b7a-SSVZSA
2025-03-10 08:18:10,603 - INFO - Order details: total=142.3, parts=['LED Screen', 'Wide-Angle Camera', 'USB-C Port', 'Android OS', 'Metallic Body']
2025-03-10 08:20:04,456 - INFO - Creating new order with components: ['A', 'D', 'F', 'I', 'K']
2025-03-10 08:20:04,456 - INFO - Order created successfully: MFC-226a880b-SSVZVG
2025-03-10 08:20:04,457 - INFO - Order details: total=142.3, parts=['LED Screen', 'Wide-Angle Camera', 'USB-C Port', 'Android OS', 'Metallic Body']
2025-03-10 08:21:07,741 - INFO - Creating new order with components: ['A', 'D', 'F', 'I', 'K']
2025-03-10 08:21:07,742 - INFO - Order created successfully: MFC-e40d7f56-SSVZX7
2025-03-10 08:21:07,742 - INFO - Order details: total=142.3, parts=['LED Screen', 'Wide-Angle Camera', 'USB-C Port', 'Android OS', 'Metallic Body']
2025-03-10 08:21:08,407 - INFO - Creating new order with components: ['A', 'D', 'F', 'I', 'K']
2025-03-10 08:21:08,408 - INFO - Order created successfully: MFC-8ecac780-SSVZX8
2025-03-10 08:21:08,408 - INFO - Order details: total=142.3, parts=['LED Screen', 'Wide-Angle Camera', 'USB-C Port', 'Android OS', 'Metallic Body']
2025-03-10 08:21:17,329 - INFO - Creating new order with components: ['A', 'D', 'F', 'I', 'K']
2025-03-10 08:21:17,330 - INFO - Order created successfully: MFC-75422413-SSVZXH
2025-03-10 08:21:17,330 - INFO - Order details: total=142.3, parts=['LED Screen', 'Wide-Angle Camera', 'USB-C Port', 'Android OS', 'Metallic Body']
2025-03-10 08:23:14,106 - INFO - User authenticated successfully: your_username
2025-03-10 08:23:14,109 - INFO - Creating new order with components: ['A', 'D', 'F', 'I', 'K']
2025-03-10 08:23:14,109 - INFO - Order created successfully: MFC-8d05de35-SSW00Q
2025-03-10 08:23:14,109 - INFO - Order details: total=142.3, parts=['LED Screen', 'Wide-Angle Camera', 'USB-C Port', 'Android OS', 'Metallic Body']
2025-03-10 08:23:16,174 - WARNING - Failed authentication attempt for user: your_usernamee
2025-03-10 08:23:19,382 - WARNING - Failed authentication attempt for user: your_usernam
2025-03-10 08:23:21,841 - WARNING - Failed authentication attempt for user: your_username
2025-03-10 08:23:27,408 - INFO - User authenticated successfully: your_username
2025-03-10 08:23:27,409 - INFO - Creating new order with components: ['A', 'D', 'F', 'I', 'K']
2025-03-10 08:23:27,409 - INFO - Order created successfully: MFC-3acc05dd-SSW013
2025-03-10 08:23:27,409 - INFO - Order details: total=142.3, parts=['LED Screen', 'Wide-Angle Camera', 'USB-C Port', 'Android OS', 'Metallic Body']
2025-03-10 08:23:32,675 - INFO - User authenticated successfully: your_username
2025-03-10 08:23:32,676 - INFO - Creating new order with components: ['A', 'D', 'F', 'I', 'K']
2025-03-10 08:23:32,676 - INFO - Order created successfully: MFC-ac7a77ea-SSW018
2025-03-10 08:23:32,676 - INFO - Order details: total=142.3, parts=['LED Screen', 'Wide-Angle Camera', 'USB-C Port', 'Android OS', 'Metallic Body']
2025-03-10 08:23:41,943 - INFO - User authenticated successfully: your_username
2025-03-10 08:23:41,944 - INFO - Creating new order with components: ['A', 'D', 'F', 'I', 'K']
2025-03-10 08:23:41,944 - INFO - Order created successfully: MFC-f7994293-SSW01H
2025-03-10 08:23:41,945 - INFO - Order details: total=142.3, parts=['LED Screen', 'Wide-Angle Camera', 'USB-C Port', 'Android OS', 'Metallic Body']
2025-03-10 09:46:30,966 - INFO - User authenticated successfully: your_username
2025-03-10 09:46:30,967 - INFO - Creating new order with components: ['A', 'D', 'F', 'I', 'K']
2025-03-10 09:46:30,968 - INFO - Order created successfully: MFC-eda28f27-SSW3VI
2025-03-10 09:46:30,968 - INFO - Order details: total=142.3, parts=['LED Screen', 'Wide-Angle Camera', 'USB-C Port', 'Android OS', 'Metallic Body']
2025-03-10 09:59:19,253 - INFO - User authenticated successfully: your_username
2025-03-10 09:59:19,255 - INFO - Creating new order with components: ['A', 'D', 'F', 'I', 'K']
2025-03-10 09:59:19,255 - INFO - Order created successfully: MFC-33f6f64d-SSW4GV
2025-03-10 09:59:19,255 - INFO - Order details: total=142.3, parts=['LED Screen', 'Wide-Angle Camera', 'USB-C Port', 'Android OS', 'Metallic Body']
2025-03-10 09:59:21,995 - INFO - User authenticated successfully: your_username
2025-03-10 09:59:21,995 - INFO - Creating new order with components: ['A', 'D', 'F', 'I', 'K']
2025-03-10 09:59:21,995 - INFO - Order created successfully: MFC-c7e1dd68-SSW4GX
2025-03-10 09:59:21,995 - INFO - Order details: total=142.3, parts=['LED Screen', 'Wide-Angle Camera', 'USB-C Port', 'Android OS', 'Metallic Body']
2025-03-10 09:59:24,990 - WARNING - Failed authentication attempt for user: your_usernamee
2025-03-10 09:59:27,995 - INFO - User authenticated successfully: your_username
2025-03-10 09:59:27,995 - INFO - Creating new order with components: ['A', 'D', 'F', 'I', 'K']
2025-03-10 09:59:27,995 - INFO - Order created successfully: MFC-9fb89d47-SSW4H3
2025-03-10 09:59:27,995 - INFO - Order details: total=142.3, parts=['LED Screen', 'Wide-Angle Camera', 'USB-C Port', 'Android OS', 'Metallic Body']
2025-03-10 09:59:35,769 - INFO - User authenticated successfully: your_username
2025-03-10 09:59:35,769 - ERROR - Invalid components provided: Invalid component codes: O
2025-03-10 09:59:35,770 - ERROR - Invalid components provided: Invalid component codes: O
2025-03-10 09:59:41,032 - INFO - User authenticated successfully: your_username
2025-03-10 09:59:41,033 - ERROR - Invalid components provided: Duplicate components are not allowed
2025-03-10 09:59:41,033 - ERROR - Invalid components provided: Duplicate components are not allowed
2025-03-10 09:59:43,611 - INFO - User authenticated successfully: your_username
2025-03-10 09:59:43,611 - INFO - Creating new order with components: ['A', 'D', 'F', 'I', 'K']
2025-03-10 09:59:43,611 - INFO - Order created successfully: MFC-90ffe85f-SSW4HJ
2025-03-10 09:59:43,611 - INFO - Order details: total=142.3, parts=['LED Screen', 'Wide-Angle Camera', 'USB-C Port', 'Android OS', 'Metallic Body']
2025-03-10 09:59:46,126 - INFO - User authenticated successfully: your_username
2025-03-10 09:59:46,126 - INFO - Creating new order with components: ['A', 'D', 'F', 'I', 'K']
2025-03-10 09:59:46,127 - INFO - Order created successfully: MFC-dd9cc9ae-SSW4HM
2025-03-10 09:59:46,127 - INFO - Order details: total=142.3, parts=['LED Screen', 'Wide-Angle Camera', 'USB-C Port', 'Android OS', 'Metallic Body']
2025-03-10 09:59:49,711 - INFO - User authenticated successfully: your_username
2025-03-10 09:59:49,711 - ERROR - Invalid components provided: Duplicate category: Screen
2025-03-10 09:59:49,711 - ERROR - Invalid components provided: Duplicate category: Screen
2025-03-10 09:59:54,677 - INFO - User authenticated successfully: your_username
2025-03-10 09:59:54,678 - INFO - Creating new order with components: ['A', 'E', 'F', 'I', 'K']
2025-03-10 09:59:54,678 - INFO - Order created successfully: MFC-d7ce66ca-SSW4HU
2025-03-10 09:59:54,678 - INFO - Order details: total=148.75, parts=['LED Screen', 'Ultra-Wide-Angle Camera', 'USB-C Port', 'Android OS', 'Metallic Body']
